<?xml version="1.0" encoding="utf-8"?>
<?AutomationStudio Version=3.0?>
<Transfer xmlns="http://br-automation.co.at/AS/Transfer">
  <OperatingSystem Version="D4.21"/>
  <Hardware Target="SG4"/>
  <Operation Delete="HmiHardKey.br"/>
  <Operation Delete="HmiAlarm.br"/>
  <Operation Delete="HmiIO.br"/>
  <Operation Delete="UserStd.br"/>
  <Operation Delete="RecipeCont.br"/>
  <Operation Delete="HmiSetup.br"/>
  <Operation Delete="HmiJogCtrl.br"/>
  <Operation Delete="HmiKeyCtrl.br"/>
  <Operation Delete="Error.br"/>
  <Operation Delete="Trf.br"/>
  <Operation Delete="Cnc.br"/>
  <Operation Delete="System.br"/>
  <Operation Delete="Axes.br"/>
  <Operation Delete="Jog.br"/>
  <Operation Delete="Config.br"/>
  <Operation Delete="AsSem.br"/>
  <Operation Delete="AsUSB.br"/>
  <Operation Delete="AsICMP.br"/>
  <Operation Delete="asrfbext.br"/>
  <Operation Delete="ModDiag.br"/>
  <Operation Delete="Arnc0mx.br"/>
  <Operation Delete="loopconr.br"/>
  <Operation Delete="AsIecCon.br"/>
  <Operation Delete="TRF_LIB.br"/>
  <Operation Delete="AsIO.br"/>
  <Operation Delete="AsIODiag.br"/>
  <Operation Delete="AsIOMMan.br"/>
  <Operation Delete="Arnc0ext.br"/>
  <Operation Delete="Acp10sim.br"/>
  <Operation Delete="Acp10sdc.br"/>
  <Operation Delete="Acp10_MC.br"/>
  <Operation Delete="Arnc0man.br"/>
  <Operation Delete="AsArLog.br"/>
  <Operation Delete="AsArProf.br"/>
  <Operation Delete="AsMem.br"/>
  <Operation Delete="DataObj.br"/>
  <Operation Delete="sys_lib.br"/>
  <Operation Delete="brsystem.br"/>
  <Operation Delete="Acp10man.br"/>
  <Operation Delete="FileIO.br"/>
  <Operation Delete="astime.br"/>
  <Operation Download="axesmap.br" Memory="UserROM"/>
  <Operation Download="cncmap.br" Memory="UserROM"/>
  <Operation Download="acp10map.br" Memory="UserROM"/>
  <Operation Download="arnc0cfg.br" Memory="UserROM"/>
  <Operation Download="arnc0map.br" Memory="UserROM"/>
  <Operation Download="acp10cfg.br" Memory="UserROM"/>
  <Operation Download="ashwd.br" Memory="SystemROM"/>
  <Operation Download="asfw.br" Memory="SystemROM"/>
  <Operation Download="NcGlobal.br" Memory="UserROM"/>
  <Operation Download="powerlnk.br" Memory="UserROM"/>
  <Operation Download="Acp10par.br" Memory="UserROM"/>
  <Operation Download="Runtime.br" Memory="UserROM"/>
  <Operation Download="astime.br" Memory="UserROM"/>
  <Operation Download="FileIO.br" Memory="UserROM"/>
  <Operation Download="Acp10man.br" Memory="UserROM"/>
  <Operation Download="brsystem.br" Memory="UserROM"/>
  <Operation Download="sys_lib.br" Memory="UserROM"/>
  <Operation Download="DataObj.br" Memory="UserROM"/>
  <Operation Download="AsMem.br" Memory="UserROM"/>
  <Operation Download="AsArProf.br" Memory="UserROM"/>
  <Operation Download="AsArLog.br" Memory="UserROM"/>
  <Operation Download="Arnc0man.br" Memory="UserROM"/>
  <Operation Download="Acp10_MC.br" Memory="UserROM"/>
  <Operation Download="Acp10sdc.br" Memory="UserROM"/>
  <Operation Download="Acp10sim.br" Memory="UserROM"/>
  <Operation Download="Arnc0ext.br" Memory="UserROM"/>
  <Operation Download="Acp10sys.br" Memory="UserROM"/>
  <Operation Download="Arnc0sys.br" Memory="UserROM"/>
  <Operation Download="AcpError.br" Memory="UserROM"/>
  <Operation Download="ps_p.br" Memory="UserROM"/>
  <Operation Download="acpm_p.br" Memory="UserROM"/>
  <Operation Download="acpmic_p.br" Memory="UserROM"/>
  <Operation Download="joint1_i.br" Memory="UserROM"/>
  <Operation Download="joint2_i.br" Memory="UserROM"/>
  <Operation Download="joint3_i.br" Memory="UserROM"/>
  <Operation Download="joint4_i.br" Memory="UserROM"/>
  <Operation Download="joint5_i.br" Memory="UserROM"/>
  <Operation Download="joint6_i.br" Memory="UserROM"/>
  <Operation Download="sdc_i.br" Memory="UserROM"/>
  <Operation Download="sdc_p.br" Memory="UserROM"/>
  <Operation Download="robot_i.br" Memory="UserROM"/>
  <Operation Restart="warm"/>
  <Operation Download="standard.br" Memory="UserROM"/>
  <Operation Download="AsIOMMan.br" Memory="UserROM"/>
  <Operation Download="AsIODiag.br" Memory="UserROM"/>
  <Operation Download="AsIO.br" Memory="UserROM"/>
  <Operation Download="TRF_LIB.br" Memory="UserROM"/>
  <Operation Download="AsIecCon.br" Memory="UserROM"/>
  <Operation Download="AsBrStr.br" Memory="UserROM"/>
  <Operation Download="loopconr.br" Memory="UserROM"/>
  <Operation Download="Arnc0mx.br" Memory="UserROM"/>
  <Operation Download="ModDiag.br" Memory="UserROM"/>
  <Operation Download="asrfbext.br" Memory="UserROM"/>
  <Operation Download="TRFk_A0.br" Memory="UserROM"/>
  <Operation Download="arnc0001.br" Memory="UserROM"/>
  <Operation Download="iomap.br" Memory="UserROM"/>
  <Operation Download="Operator.br" Memory="UserROM"/>
  <Operation Download="AsICMP.br" Memory="UserROM"/>
  <Operation Download="AsUSB.br" Memory="UserROM"/>
  <Operation Download="visapi.br" Memory="UserROM"/>
  <Operation Download="AsSem.br" Memory="UserROM"/>
  <Operation Download="JogInit.br" Memory="UserROM"/>
  <Operation Download="JogPrg.br" Memory="UserROM"/>
  <Operation Download="Config.br" Memory="UserROM"/>
  <Operation Download="Jog.br" Memory="UserROM"/>
  <Operation Download="Axes.br" Memory="UserROM"/>
  <Operation Download="System.br" Memory="UserROM"/>
  <Operation Download="Cnc.br" Memory="UserROM"/>
  <Operation Download="Trf.br" Memory="UserROM"/>
  <Operation Download="6axATrqFF.br" Memory="UserROM"/>
  <Operation Download="OptMotion.br" Memory="UserROM"/>
  <Operation Download="Error.br" Memory="UserROM"/>
  <Operation Download="HmiKeyCtrl.br" Memory="UserROM"/>
  <Operation Download="HmiJogCtrl.br" Memory="UserROM"/>
  <Operation Download="HmiSetup.br" Memory="UserROM"/>
  <Operation Download="RecipeCont.br" Memory="UserROM"/>
  <Operation Download="UserStd.br" Memory="UserROM"/>
  <Operation Download="HmiIO.br" Memory="UserROM"/>
  <Operation Download="HmiAlarm.br" Memory="UserROM"/>
  <Operation Download="HmiHardKey.br" Memory="UserROM"/>
  <Operation Download="HmiEditor.br" Memory="UserROM"/>
  <Operation Download="HmiMain.br" Memory="UserROM"/>
</Transfer>