<?xml version="1.0" encoding="utf-8"?>
<?AutomationStudio Version=3.0?>
<Transfer xmlns="http://br-automation.co.at/AS/Transfer">
  <OperatingSystem Version="G4.06"/>
  <Hardware Target="SG4"/>
  <Operation Delete="UserStd.br"/>
  <Operation Delete="HmiSetup.br"/>
  <Operation Delete="RecipeCont.br"/>
  <Operation Delete="HmiFileVar.br"/>
  <Operation Delete="HmiJogCtrl.br"/>
  <Operation Delete="HmiFile.br"/>
  <Operation Delete="HmiAlarm.br"/>
  <Operation Delete="HmiPrg.br"/>
  <Operation Delete="HmiHardKey.br"/>
  <Operation Delete="HmiKeyCtrl.br"/>
  <Operation Delete="Error.br"/>
  <Operation Delete="Trf.br"/>
  <Operation Delete="Jog.br"/>
  <Operation Delete="Axes.br"/>
  <Operation Delete="Cnc.br"/>
  <Operation Delete="System.br"/>
  <Operation Delete="Config.br"/>
  <Operation Delete="Visu.br"/>
  <Operation Delete="ModDiag.br"/>
  <Operation Delete="AsSem.br"/>
  <Operation Delete="AsUSB.br"/>
  <Operation Delete="AsICMP.br"/>
  <Operation Delete="vcbclass.br"/>
  <Operation Delete="vcpdsw.br"/>
  <Operation Delete="visvc.br"/>
  <Operation Delete="vcdsloc.br"/>
  <Operation Delete="vcmgr.br"/>
  <Operation Delete="vctcal.br"/>
  <Operation Delete="vcdsint.br"/>
  <Operation Delete="vcalarm.br"/>
  <Operation Delete="vcfntttf.br"/>
  <Operation Delete="vcrt.br"/>
  <Operation Delete="vcpfx20.br"/>
  <Operation Delete="vcfile.br"/>
  <Operation Delete="vcpdvnc.br"/>
  <Operation Delete="vccnum.br"/>
  <Operation Delete="vccovl.br"/>
  <Operation Delete="vccline.br"/>
  <Operation Delete="vccstr.br"/>
  <Operation Delete="vccbtn.br"/>
  <Operation Delete="vcctext.br"/>
  <Operation Delete="vcclbox.br"/>
  <Operation Delete="vccbmp.br"/>
  <Operation Delete="vccedit.br"/>
  <Operation Delete="vccshape.br"/>
  <Operation Delete="vcchspot.br"/>
  <Operation Delete="vccalarm.br"/>
  <Operation Delete="vccdt.br"/>
  <Operation Delete="vccslider.br"/>
  <Operation Delete="vccddbox.br"/>
  <Operation Delete="vccscale.br"/>
  <Operation Delete="Arnc0mx.br"/>
  <Operation Delete="asrfbext.br"/>
  <Operation Delete="loopconr.br"/>
  <Operation Delete="AsIecCon.br"/>
  <Operation Delete="vcshared.br"/>
  <Operation Delete="arialxsr.br"/>
  <Operation Delete="dejavz0z.br"/>
  <Operation Delete="courbd.br"/>
  <Operation Delete="simsun.br"/>
  <Operation Delete="arial.br"/>
  <Operation Delete="arialbd.br"/>
  <Operation Delete="Visu03.br"/>
  <Operation Delete="Visu02.br"/>
  <Operation Delete="Visu01.br"/>
  <Operation Delete="TRF_LIB.br"/>
  <Operation Delete="AsIO.br"/>
  <Operation Delete="AsIODiag.br"/>
  <Operation Delete="AsIOMMan.br"/>
  <Operation Delete="ashw.br"/>
  <Operation Delete="vccpopup.br"/>
  <Operation Delete="vcgclass.br"/>
  <Operation Delete="vcnet.br"/>
  <Operation Delete="Arnc0ext.br"/>
  <Operation Delete="Acp10sim.br"/>
  <Operation Delete="Acp10sdc.br"/>
  <Operation Delete="Acp10_MC.br"/>
  <Operation Delete="Arnc0man.br"/>
  <Operation Delete="AsArLog.br"/>
  <Operation Delete="AsArProf.br"/>
  <Operation Delete="AsMem.br"/>
  <Operation Delete="DataObj.br"/>
  <Operation Delete="sys_lib.br"/>
  <Operation Delete="brsystem.br"/>
  <Operation Delete="Acp10man.br"/>
  <Operation Delete="FileIO.br"/>
  <Operation Delete="astime.br"/>
  <Operation Download="ashwd.br" Memory="SystemROM"/>
  <Operation Download="asfw.br" Memory="SystemROM"/>
  <Operation Download="arconfig.br" Memory="SystemROM"/>
  <Operation Download="sysconf.br" Memory="SystemROM"/>
  <Operation Restart="warm"/>
  <Operation Download="acp10cfg.br" Memory="UserROM"/>
  <Operation Download="arnc0map.br" Memory="UserROM"/>
  <Operation Download="arnc0cfg.br" Memory="UserROM"/>
  <Operation Download="acp10map.br" Memory="UserROM"/>
  <Operation Download="cncmap.br" Memory="UserROM"/>
  <Operation Download="axesmap.br" Memory="UserROM"/>
  <Operation Download="NcGlobal.br" Memory="UserROM"/>
  <Operation Download="powerlnk.br" Memory="UserROM"/>
  <Operation Download="Acp10par.br" Memory="UserROM"/>
  <Operation Download="Runtime.br" Memory="UserROM"/>
  <Operation Download="astime.br" Memory="UserROM"/>
  <Operation Download="FileIO.br" Memory="UserROM"/>
  <Operation Download="Acp10man.br" Memory="UserROM"/>
  <Operation Download="brsystem.br" Memory="UserROM"/>
  <Operation Download="sys_lib.br" Memory="UserROM"/>
  <Operation Download="DataObj.br" Memory="UserROM"/>
  <Operation Download="AsMem.br" Memory="UserROM"/>
  <Operation Download="AsArProf.br" Memory="UserROM"/>
  <Operation Download="AsArLog.br" Memory="UserROM"/>
  <Operation Download="Arnc0man.br" Memory="UserROM"/>
  <Operation Download="Acp10_MC.br" Memory="UserROM"/>
  <Operation Download="Acp10sdc.br" Memory="UserROM"/>
  <Operation Download="Acp10sim.br" Memory="UserROM"/>
  <Operation Download="Arnc0ext.br" Memory="UserROM"/>
  <Operation Download="Acp10sys.br" Memory="UserROM"/>
  <Operation Download="Arnc0sys.br" Memory="UserROM"/>
  <Operation Download="sdc_i.br" Memory="UserROM"/>
  <Operation Download="sdc_p.br" Memory="UserROM"/>
  <Operation Download="ps_p.br" Memory="UserROM"/>
  <Operation Download="acpm_p.br" Memory="UserROM"/>
  <Operation Download="acpmic_p.br" Memory="UserROM"/>
  <Operation Download="sdc_j1_i.br" Memory="UserROM"/>
  <Operation Download="sdc_j2_i.br" Memory="UserROM"/>
  <Operation Download="sdc_j3_i.br" Memory="UserROM"/>
  <Operation Download="sdc_j4_i.br" Memory="UserROM"/>
  <Operation Download="sdc_j5_i.br" Memory="UserROM"/>
  <Operation Download="sdc_j6_i.br" Memory="UserROM"/>
  <Operation Download="robot_i.br" Memory="UserROM"/>
  <Operation Download="AcpError.br" Memory="UserROM"/>
  <Operation Restart="warm"/>
  <Operation Download="vcresman.br" Memory="UserROM"/>
  <Operation Download="vcnet.br" Memory="UserROM"/>
  <Operation Download="visapi.br" Memory="UserROM"/>
  <Operation Download="vcgclass.br" Memory="UserROM"/>
  <Operation Download="vccpopup.br" Memory="UserROM"/>
  <Operation Download="ashw.br" Memory="UserROM"/>
  <Operation Download="standard.br" Memory="UserROM"/>
  <Operation Download="AsIOMMan.br" Memory="UserROM"/>
  <Operation Download="AsIODiag.br" Memory="UserROM"/>
  <Operation Download="AsIO.br" Memory="UserROM"/>
  <Operation Download="TRF_LIB.br" Memory="UserROM"/>
  <Operation Download="Visu01.br" Memory="UserROM"/>
  <Operation Download="Visu02.br" Memory="UserROM"/>
  <Operation Download="Visu03.br" Memory="UserROM"/>
  <Operation Download="arialbd.br" Memory="UserROM"/>
  <Operation Download="arial.br" Memory="UserROM"/>
  <Operation Download="simsun.br" Memory="UserROM"/>
  <Operation Download="courbd.br" Memory="UserROM"/>
  <Operation Download="dejavz0z.br" Memory="UserROM"/>
  <Operation Download="arialxsr.br" Memory="UserROM"/>
  <Operation Download="vcshared.br" Memory="UserROM"/>
  <Operation Download="AsIecCon.br" Memory="UserROM"/>
  <Operation Download="AsBrStr.br" Memory="UserROM"/>
  <Operation Download="loopconr.br" Memory="UserROM"/>
  <Operation Download="asrfbext.br" Memory="UserROM"/>
  <Operation Download="Arnc0mx.br" Memory="UserROM"/>
  <Operation Download="TRFk_A0.br" Memory="UserROM"/>
  <Operation Download="arnc0001.br" Memory="UserROM"/>
  <Operation Download="iomap.br" Memory="UserROM"/>
  <Operation Download="vccscale.br" Memory="UserROM"/>
  <Operation Download="vccddbox.br" Memory="UserROM"/>
  <Operation Download="vccslider.br" Memory="UserROM"/>
  <Operation Download="vccdt.br" Memory="UserROM"/>
  <Operation Download="vccalarm.br" Memory="UserROM"/>
  <Operation Download="vcchspot.br" Memory="UserROM"/>
  <Operation Download="vccshape.br" Memory="UserROM"/>
  <Operation Download="vccedit.br" Memory="UserROM"/>
  <Operation Download="vccbmp.br" Memory="UserROM"/>
  <Operation Download="vcclbox.br" Memory="UserROM"/>
  <Operation Download="vcctext.br" Memory="UserROM"/>
  <Operation Download="vccbtn.br" Memory="UserROM"/>
  <Operation Download="vccstr.br" Memory="UserROM"/>
  <Operation Download="vccline.br" Memory="UserROM"/>
  <Operation Download="vccovl.br" Memory="UserROM"/>
  <Operation Download="vccnum.br" Memory="UserROM"/>
  <Operation Download="vcpdvnc.br" Memory="UserROM"/>
  <Operation Download="vcfile.br" Memory="UserROM"/>
  <Operation Download="vcpfx20.br" Memory="UserROM"/>
  <Operation Download="vcrt.br" Memory="UserROM"/>
  <Operation Download="vcfntttf.br" Memory="UserROM"/>
  <Operation Download="vcalarm.br" Memory="UserROM"/>
  <Operation Download="vcdsint.br" Memory="UserROM"/>
  <Operation Download="vctcal.br" Memory="UserROM"/>
  <Operation Download="vcmgr.br" Memory="UserROM"/>
  <Operation Download="vcdsloc.br" Memory="UserROM"/>
  <Operation Download="visvc.br" Memory="UserROM"/>
  <Operation Download="vcpdsw.br" Memory="UserROM"/>
  <Operation Download="vcbclass.br" Memory="UserROM"/>
  <Operation Download="Operator.br" Memory="UserROM"/>
  <Operation Download="AsICMP.br" Memory="UserROM"/>
  <Operation Download="AsUSB.br" Memory="UserROM"/>
  <Operation Download="AsSem.br" Memory="UserROM"/>
  <Operation Download="ModDiag.br" Memory="UserROM"/>
  <Operation Download="JogInit.br" Memory="UserROM"/>
  <Operation Download="JogPrg.br" Memory="UserROM"/>
  <Operation Download="gmcipsys.br" Memory="UserROM"/>
  <Operation Download="gmciplbr.br" Memory="UserROM"/>
  <Operation Download="gmcipcbr.br" Memory="UserROM"/>
  <Operation Download="gmciplsm.br" Memory="UserROM"/>
  <Operation Download="gmcipcsm.br" Memory="UserROM"/>
  <Operation Download="gmcipcfg.br" Memory="UserROM"/>
  <Operation Download="gmcipiec.br" Memory="UserROM"/>
  <Operation Download="gmciplog.br" Memory="UserROM"/>
  <Operation Download="gmcipesm.br" Memory="UserROM"/>
  <Operation Download="gmcipmxd.br" Memory="UserROM"/>
  <Operation Download="gmcipmx.br" Memory="UserROM"/>
  <Operation Download="gmcipvar.br" Memory="UserROM"/>
  <Operation Download="gmcipfun.br" Memory="UserROM"/>
  <Operation Download="gmcipfub.br" Memory="UserROM"/>
  <Operation Download="gmcipubr.br" Memory="UserROM"/>
  <Operation Download="gmcipusm.br" Memory="UserROM"/>
  <Operation Download="gmcipus.br" Memory="UserROM"/>
  <Operation Download="gmcipuc.br" Memory="UserROM"/>
  <Operation Download="Visu.br" Memory="UserROM"/>
  <Operation Download="6axATrqFF.br" Memory="UserROM"/>
  <Operation Download="OptMotion.br" Memory="UserROM"/>
  <Operation Download="Config.br" Memory="UserROM"/>
  <Operation Download="System.br" Memory="UserROM"/>
  <Operation Download="Cnc.br" Memory="UserROM"/>
  <Operation Download="Axes.br" Memory="UserROM"/>
  <Operation Download="Jog.br" Memory="UserROM"/>
  <Operation Download="Trf.br" Memory="UserROM"/>
  <Operation Download="Error.br" Memory="UserROM"/>
  <Operation Download="HmiKeyCtrl.br" Memory="UserROM"/>
  <Operation Download="HmiHardKey.br" Memory="UserROM"/>
  <Operation Download="HmiPrg.br" Memory="UserROM"/>
  <Operation Download="HmiAlarm.br" Memory="UserROM"/>
  <Operation Download="HmiMain.br" Memory="UserROM"/>
  <Operation Download="HmiFile.br" Memory="UserROM"/>
  <Operation Download="HmiJogCtrl.br" Memory="UserROM"/>
  <Operation Download="HmiEditor.br" Memory="UserROM"/>
  <Operation Download="HmiFileVar.br" Memory="UserROM"/>
  <Operation Download="RecipeCont.br" Memory="UserROM"/>
  <Operation Download="HmiSetup.br" Memory="UserROM"/>
  <Operation Download="UserStd.br" Memory="UserROM"/>
</Transfer>